Unity Editor version:    2020.3.39f1 (fd6670bb8be9)
Branch:                  2020.3/staging
Build type:              Release
Batch mode:              YES
macOS version:           Version 13.4 (Build 22F66)
Darwin version:          22.5.0
Architecture:            x86_64
Running under Rosetta:   YES
Available memory:        8192 MB
Using pre-set license
Pro License: NO

COMMAND LINE ARGUMENTS:
/Volumes/SAMSNUG_BAG/D O C S/Programs/Unity/2020.3.39f1/Unity.app/Contents/MacOS/Unity
-adb2
-batchMode
-noUpm
-name
AssetImportWorker0
-projectPath
/Users/macbook/Documents/GitHub/DarkCity
-logFile
Logs/AssetImportWorker0.log
-srvPort
52531
Successfully changed project path to: /Users/macbook/Documents/GitHub/DarkCity
/Users/macbook/Documents/GitHub/DarkCity
Using Asset Import Pipeline V2.
Refreshing native plugins compatible for Editor in 115.52 ms, found 5 plugins.
Preloading 0 native plugins for Editor in 0.00 ms.
Initialize engine version: 2020.3.39f1 (fd6670bb8be9)
[Subsystems] Discovering subsystems at path /Volumes/SAMSNUG_BAG/D O C S/Programs/Unity/2020.3.39f1/Unity.app/Contents/Resources/UnitySubsystems
[Subsystems] Discovering subsystems at path /Users/macbook/Documents/GitHub/DarkCity/Assets
GfxDevice: creating device client; threaded=0
2023-06-06 16:54:24.603 Unity[2706:137741] (null) preferred device: Apple M1 (high power)
2023-06-06 16:54:24.603 Unity[2706:137741] Metal devices available: 1
2023-06-06 16:54:24.604 Unity[2706:137741] 0: Apple M1 (high power)
2023-06-06 16:54:24.604 Unity[2706:137741] Using device Apple M1 (high power)
Initializing Metal device caps: Apple M1
Initialize mono
Mono path[0] = '/Volumes/SAMSNUG_BAG/D O C S/Programs/Unity/2020.3.39f1/Unity.app/Contents/Managed'
Mono path[1] = '/Volumes/SAMSNUG_BAG/D O C S/Programs/Unity/2020.3.39f1/Unity.app/Contents/MonoBleedingEdge/lib/mono/unityjit'
Mono config path = '/Volumes/SAMSNUG_BAG/D O C S/Programs/Unity/2020.3.39f1/Unity.app/Contents/MonoBleedingEdge/etc'
Using monoOptions --debugger-agent=transport=dt_socket,embedding=1,server=y,suspend=n,address=127.0.0.1:56706
Begin MonoManager ReloadAssembly
Registering precompiled unity dll's ...
Register platform support module: /Volumes/SAMSNUG_BAG/D O C S/Programs/Unity/2020.3.39f1/Unity.app/Contents/PlaybackEngines/MacStandaloneSupport/UnityEditor.OSXStandalone.Extensions.dll
Registered in 0.001916 seconds.
Native extension for OSXStandalone target not found
Refreshing native plugins compatible for Editor in 81.85 ms, found 5 plugins.
Preloading 0 native plugins for Editor in 0.00 ms.
Mono: successfully reloaded assembly
- Completed reload, in  1.315 seconds
Domain Reload Profiling:
	ReloadAssembly (1315ms)
		BeginReloadAssembly (225ms)
			ExecutionOrderSort (0ms)
			DisableScriptedObjects (0ms)
			BackupInstance (0ms)
			ReleaseScriptingObjects (0ms)
			CreateAndSetChildDomain (4ms)
		EndReloadAssembly (969ms)
			LoadAssemblies (224ms)
			RebuildTransferFunctionScriptingTraits (1ms)
			SetupTypeCache (175ms)
			ReleaseScriptCaches (0ms)
			RebuildScriptCaches (32ms)
			SetupLoadedEditorAssemblies (509ms)
				LogAssemblyErrors (0ms)
				InitializePlatformSupportModulesInManaged (12ms)
				SetLoadedEditorAssemblies (1ms)
				RefreshPlugins (82ms)
				BeforeProcessingInitializeOnLoad (62ms)
				ProcessInitializeOnLoadAttributes (265ms)
				ProcessInitializeOnLoadMethodAttributes (86ms)
				AfterProcessingInitializeOnLoad (0ms)
				EditorAssembliesLoaded (2ms)
			ExecutionOrderSort2 (0ms)
			AwakeInstancesAfterBackupRestoration (0ms)
Platform modules already initialized, skipping
Registering precompiled user dll's ...
Registered in 0.007328 seconds.
Begin MonoManager ReloadAssembly
Native extension for OSXStandalone target not found
Refreshing native plugins compatible for Editor in 1.37 ms, found 5 plugins.
Preloading 0 native plugins for Editor in 0.00 ms.
Refreshing native plugins compatible for Editor in 1.23 ms, found 5 plugins.
DisplayProgressbar: Populating Wwise Picker
Fallback handler could not load library /Volumes/SAMSNUG_BAG/D O C S/Programs/Unity/2020.3.39f1/Unity.app/Contents/Frameworks/Mono/lib/libAssets/Wwise/Deployment/Plugins/Mac/Profile/AkWaapiClient.bundle/Contents/MacOS/AkWaapiClient
Fallback handler could not load library /Volumes/SAMSNUG_BAG/D O C S/Programs/Unity/2020.3.39f1/Unity.app/Contents/Frameworks/Mono/lib/libAssets/Wwise/Deployment/Plugins/Mac/Profile/AkWaapiClient.bundle/Contents/MacOS/AkWaapiClient.dylib
Fallback handler could not load library /Volumes/SAMSNUG_BAG/D O C S/Programs/Unity/2020.3.39f1/Unity.app/Contents/Frameworks/Mono/lib/libAssets/Wwise/Deployment/Plugins/Mac/Profile/AkWaapiClient.bundle/Contents/MacOS/AkWaapiClient.so
Fallback handler could not load library /Volumes/SAMSNUG_BAG/D O C S/Programs/Unity/2020.3.39f1/Unity.app/Contents/Frameworks/Mono/lib/libAssets/Wwise/Deployment/Plugins/Mac/Profile/AkWaapiClient.bundle/Contents/MacOS/AkWaapiClient.bundle
Mono: successfully reloaded assembly
- Completed reload, in  2.408 seconds
Domain Reload Profiling:
	ReloadAssembly (2410ms)
		BeginReloadAssembly (201ms)
			ExecutionOrderSort (0ms)
			DisableScriptedObjects (27ms)
			BackupInstance (0ms)
			ReleaseScriptingObjects (0ms)
			CreateAndSetChildDomain (25ms)
		EndReloadAssembly (2134ms)
			LoadAssemblies (151ms)
			RebuildTransferFunctionScriptingTraits (0ms)
			SetupTypeCache (331ms)
			ReleaseScriptCaches (0ms)
			RebuildScriptCaches (52ms)
			SetupLoadedEditorAssemblies (1434ms)
				LogAssemblyErrors (0ms)
				InitializePlatformSupportModulesInManaged (11ms)
				SetLoadedEditorAssemblies (1ms)
				RefreshPlugins (1ms)
				BeforeProcessingInitializeOnLoad (167ms)
				ProcessInitializeOnLoadAttributes (1182ms)
				ProcessInitializeOnLoadMethodAttributes (70ms)
				AfterProcessingInitializeOnLoad (1ms)
				EditorAssembliesLoaded (0ms)
			ExecutionOrderSort2 (0ms)
			AwakeInstancesAfterBackupRestoration (4ms)
Platform modules already initialized, skipping
Validating Project structure ... 0.053644 seconds.
Shader import version has changed; will reimport all shaders...
Upgrading shader files ...0.132332 seconds.
Application.AssetDatabase Initial Script Refresh Start
RefreshInfo: InitialScriptRefreshV2(NoUpdateAssetOptions) scanfilter:  ... 1 filters
RefreshProfiler: Total: 0.000ms
Application.AssetDatabase Initial Script Refresh End
Application.AssetDatabase.Refresh Start
Application.AssetDatabase.Refresh End
RefreshInfo: StopAssetImportingV2(ForceSynchronousImport) scanfilter: 
RefreshProfiler: Total: 0.000ms
Launching external process: /Volumes/SAMSNUG_BAG/D O C S/Programs/Unity/2020.3.39f1/Unity.app/Contents/Tools/UnityShaderCompiler
Launched and connected shader compiler UnityShaderCompiler after 0.18 seconds
Initializing Unity extensions:
2023-06-06 16:54:31.087 Unity[2706:137741] NSEventModifierFlagFunction specified to -setKeyEquivalentModifierMask: for item <NSMenuItem: 0x7fa0f4b05e20 Font Asset, ke='Command-F12'>, but is only supported for system-provided menu items; will not be used
2023-06-06 16:54:31.092 Unity[2706:137741] NSEventModifierFlagFunction specified to -setKeyEquivalentModifierMask: for item <NSMenuItem: 0x7fa0e5d76010 Font Asset, ke='Command-F12'>, but is only supported for system-provided menu items; will not be used
========================================================================
Worker process is ready to serve import requests
Refreshing native plugins compatible for Editor in 1.23 ms, found 5 plugins.
Preloading 0 native plugins for Editor in 0.00 ms.
Unloading 2507 Unused Serialized files (Serialized files now loaded: 0)
System memory in use before: 118.6 MB.
System memory in use after: 117.9 MB.

Unloading 452 unused Assets to reduce memory usage. Loaded Objects now: 2952.
Total: 4.060209 ms (FindLiveObjects: 0.141250 ms CreateObjectMapping: 0.058000 ms MarkObjects: 3.163833 ms  DeleteObjects: 0.696292 ms)

AssetImportParameters requested are different than current active one (requested -> active):
  custom:video-decoder-ogg-theora: a1e56fd34408186e4bbccfd4996cb3dc -> 
  custom:container-muxer-webm: aa71ff27fc2769a1b78a27578f13a17b -> 
  custom:container-demuxer-webm: 4f35f7cbe854078d1ac9338744f61a02 -> 
  custom:container-demuxer-ogg: 62fdf1f143b41e24485cea50d1cbac27 -> 
  custom:video-encoder-webm-vp8: eb34c28f22e8b96e1ab97ce403110664 -> 
  custom:framework-osx-AVFoundation: e770b220cccbd017edd2c1fefb359320 -> 
  custom:video-decoder-webm-vp8: 9c59270c3fd7afecdb556c50c9e8de78 -> 
  custom:audio-decoder-ogg-vorbis: bf7c407c2cedff20999df2af8eb42d56 -> 
  custom:audio-encoder-webm-vorbis: bf7c407c2cedff20999df2af8eb42d56 -> 
========================================================================
Received Import Request.
  path: Assets/Standard Assets/Vehicles/Car/Audio
  artifactKey: Guid(11e7758697cf03c48961cda812b164f1) Importer(815301076,1909f56bfc062723c751e8b465ee728b)
Start importing Assets/Standard Assets/Vehicles/Car/Audio using Guid(11e7758697cf03c48961cda812b164f1) Importer(815301076,1909f56bfc062723c751e8b465ee728b)  -> (artifact id: 'faa3e04854691d5a30605219769523fc') in 0.010184 seconds 
========================================================================
Received Import Request.
  Time since last request: 0.000247 seconds.
  path: Assets/FirstPersonCharacter/Audio
  artifactKey: Guid(2dac79461900e0f4c93561031c2e6902) Importer(815301076,1909f56bfc062723c751e8b465ee728b)
Start importing Assets/FirstPersonCharacter/Audio using Guid(2dac79461900e0f4c93561031c2e6902) Importer(815301076,1909f56bfc062723c751e8b465ee728b)  -> (artifact id: 'd583c7661700b8769eb6ec9872358390') in 0.000608 seconds 
========================================================================
Received Import Request.
  Time since last request: 36.599788 seconds.
  path: Assets/FirstPersonCharacter
  artifactKey: Guid(943e057eaae705e43b9e9b2e53d6adb0) Importer(815301076,1909f56bfc062723c751e8b465ee728b)
Start importing Assets/FirstPersonCharacter using Guid(943e057eaae705e43b9e9b2e53d6adb0) Importer(815301076,1909f56bfc062723c751e8b465ee728b)  -> (artifact id: 'e76d2a5c6af3c4e2140c7adf1ce08441') in 0.003768 seconds 
========================================================================
Received Import Request.
  Time since last request: 2.349228 seconds.
  path: Assets/FirstPersonCharacter/FirstPersonCharacterGuidelines.txt
  artifactKey: Guid(bc9b000e9b8028247bd816e159382646) Importer(815301076,1909f56bfc062723c751e8b465ee728b)
Start importing Assets/FirstPersonCharacter/FirstPersonCharacterGuidelines.txt using Guid(bc9b000e9b8028247bd816e159382646) Importer(815301076,1909f56bfc062723c751e8b465ee728b)  -> (artifact id: '126e9a8f32d1fb3cc6d1e4221b582991') in 1.260348 seconds 
========================================================================
Received Import Request.
  Time since last request: 4901.612956 seconds.
  path: Assets/Scenes/SampleScene.unity
  artifactKey: Guid(2b1bc6f574079493aa8374cf35501e25) Importer(815301076,1909f56bfc062723c751e8b465ee728b)
Start importing Assets/Scenes/SampleScene.unity using Guid(2b1bc6f574079493aa8374cf35501e25) Importer(815301076,1909f56bfc062723c751e8b465ee728b)  -> (artifact id: '5c10c2d3d8324a17adf147c254b50c4b') in 0.011126 seconds 
========================================================================
Received Import Request.
  Time since last request: 5.849138 seconds.
  path: Assets/Scenes
  artifactKey: Guid(1feecdf8091cd4c1a84abcb246e839b3) Importer(815301076,1909f56bfc062723c751e8b465ee728b)
Start importing Assets/Scenes using Guid(1feecdf8091cd4c1a84abcb246e839b3) Importer(815301076,1909f56bfc062723c751e8b465ee728b)  -> (artifact id: '6001813a5bf3dfcb67f4eae96ed19681') in 0.003319 seconds 
========================================================================
Received Prepare
Registering precompiled user dll's ...
Registered in 0.004501 seconds.
Begin MonoManager ReloadAssembly
Native extension for OSXStandalone target not found
Refreshing native plugins compatible for Editor in 1.54 ms, found 5 plugins.
Preloading 0 native plugins for Editor in 0.00 ms.
2023-06-06 18:17:16.393 Unity[2706:137741] NSEventModifierFlagFunction specified to -setKeyEquivalentModifierMask: for item <NSMenuItem: 0x7fa0e5d76800 Font Asset, ke='Command-F12'>, but is only supported for system-provided menu items; will not be used
RefreshInfo: StopAssetImportingV2(NoUpdateAssetOptions) scanfilter: 
RefreshProfiler: Total: 0.000ms
Refreshing native plugins compatible for Editor in 1.35 ms, found 5 plugins.
Mono: successfully reloaded assembly
- Completed reload, in  2.736 seconds
Domain Reload Profiling:
	ReloadAssembly (2739ms)
		BeginReloadAssembly (421ms)
			ExecutionOrderSort (0ms)
			DisableScriptedObjects (39ms)
			BackupInstance (0ms)
			ReleaseScriptingObjects (0ms)
			CreateAndSetChildDomain (130ms)
		EndReloadAssembly (2239ms)
			LoadAssemblies (307ms)
			RebuildTransferFunctionScriptingTraits (0ms)
			SetupTypeCache (295ms)
			ReleaseScriptCaches (1ms)
			RebuildScriptCaches (49ms)
			SetupLoadedEditorAssemblies (1537ms)
				LogAssemblyErrors (0ms)
				InitializePlatformSupportModulesInManaged (13ms)
				SetLoadedEditorAssemblies (1ms)
				RefreshPlugins (2ms)
				BeforeProcessingInitializeOnLoad (212ms)
				ProcessInitializeOnLoadAttributes (1231ms)
				ProcessInitializeOnLoadMethodAttributes (76ms)
				AfterProcessingInitializeOnLoad (1ms)
				EditorAssembliesLoaded (0ms)
			ExecutionOrderSort2 (0ms)
			AwakeInstancesAfterBackupRestoration (3ms)
Platform modules already initialized, skipping
Refreshing native plugins compatible for Editor in 1.31 ms, found 5 plugins.
Preloading 0 native plugins for Editor in 0.00 ms.
Unloading 5 Unused Serialized files (Serialized files now loaded: 0)
System memory in use before: 118.5 MB.
System memory in use after: 118.3 MB.

Unloading 128 unused Assets to reduce memory usage. Loaded Objects now: 2957.
Total: 3.015375 ms (FindLiveObjects: 0.140333 ms CreateObjectMapping: 0.076458 ms MarkObjects: 2.284125 ms  DeleteObjects: 0.513791 ms)

AssetImportParameters requested are different than current active one (requested -> active):
  custom:video-decoder-ogg-theora: a1e56fd34408186e4bbccfd4996cb3dc -> 
  custom:container-muxer-webm: aa71ff27fc2769a1b78a27578f13a17b -> 
  custom:container-demuxer-webm: 4f35f7cbe854078d1ac9338744f61a02 -> 
  custom:container-demuxer-ogg: 62fdf1f143b41e24485cea50d1cbac27 -> 
  custom:video-encoder-webm-vp8: eb34c28f22e8b96e1ab97ce403110664 -> 
  custom:framework-osx-AVFoundation: e770b220cccbd017edd2c1fefb359320 -> 
  custom:video-decoder-webm-vp8: 9c59270c3fd7afecdb556c50c9e8de78 -> 
  custom:audio-decoder-ogg-vorbis: bf7c407c2cedff20999df2af8eb42d56 -> 
  custom:audio-encoder-webm-vorbis: bf7c407c2cedff20999df2af8eb42d56 -> 
